T155 
V0 I[PIANO] 
LA,5i 
RE,5i 
SI,b5i 
SOL,5i 
SOL,6i 
RE,6i 
SI,b5i 
SOL,5i 
FA,#6i 
RE,6i 
SI,b5i 
SOL,5i 
SOL,6i 
RE,6i 
SI,b5i 
SOL,5i 
SOL,6i 
DO,6i 
LA,5i 
FA,5i 
FA,6i 
DO,6i 
LA,5i 
FA,5i 
MI,6i 
DO,6i 
LA,5i 
FA,5i 
FA,6i 
DO,6i 
LA,5i 
FA,5i 
FA,6i 
SI,b5i 
SOL,5i 
MI,5i 
MI,6i 
SI,b5i 
SOL,5i 
MI,5i 
MI,b6i 
SI,b5i 
SOL,5i 
MI,5i 
MI,6i 
SI,b5i 
SOL,5i 
MI,5i 
MI,6i 
LA,5i 
FA,5i 
RE,5i 
RE,6i 
LA,5i 
FA,5i 
RE,5i 
DO,#6i 
LA,5i 
FA,5i 
RE,5i 
RE,6i 
LA,5i 
FA,5i 
RE,5i 
LA,6i 
RE,6i 
SI,b5i 
SOL,5i 
SOL,6i 
RE,6i 
SI,b5i 
SOL,5i 
FA,#6i 
RE,6i 
SI,b5i 
SOL,5i 
SOL,6i 
RE,6i 
SI,b5i 
SOL,5i 
SI,b6i 
MI,b6i 
DO,6i 
FA,#5i 
LA,6i 
MI,b6i 
DO,6i 
FA,#5i 
LA,b6i 
MI,b6i 
DO,6i 
FA,#5i 
LA,6i 
MI,b6i 
DO,6i 
FA,#5i 
SI,6i 
RE,6i 
SI,b5i 
SOL,5i 
SI,b6i 
RE,6i 
SI,b5i 
SOL,5i 
LA,6i 
RE,6i 
SI,b5i 
SOL,5i 
SI,b6i 
RE,6i 
SI,b5i 
SOL,5i 
LA,6i 
SI,b5i 
SOL,5i 
MI,5i 
SOL,6i 
SI,b5i 
SOL,5i 
MI,5i 
FA,6i 
SI,b5i 
SOL,5i 
MI,5i 
MI,6i 
SI,b5i 
SOL,5i 
MI,5i 
LA,5i 
RE,5i 
SI,b5i 
SOL,5i 
SOL,6i 
RE,6i 
SI,b5i 
SOL,5i 
FA,#6i 
RE,6i 
SI,b5i 
SOL,5i 
SOL,6i 
RE,6i 
SI,b5i 
SOL,5i 
SOL,6i 
DO,6i 
LA,5i 
FA,5i 
FA,6i 
DO,6i 
LA,5i 
FA,5i 
MI,6i 
DO,6i 
LA,5i 
FA,5i 
FA,6i 
DO,6i 
LA,5i 
FA,5i 
FA,6i 
SI,b5i 
SOL,5i 
MI,5i 
MI,6i 
SI,b5i 
SOL,5i 
MI,5i 
MI,b6i 
SI,b5i 
SOL,5i 
MI,5i 
MI,6i 
SI,b5i 
SOL,5i 
MI,5i 
MI,6i 
LA,5i 
FA,5i 
RE,5i 
RE,6i 
LA,5i 
FA,5i 
RE,5i 
DO,#6i 
LA,5i 
FA,5i 
RE,5i 
RE,6i 
LA,5i 
FA,5i 
RE,5i 
LA,6i 
RE,6i 
SI,b5i 
SOL,5i 
SOL,6i 
RE,6i 
SI,b5i 
SOL,5i 
FA,#6i 
RE,6i 
SI,b5i 
SOL,5i 
SOL,6i 
RE,6i 
SI,b5i 
SOL,5i 
SI,b6i 
MI,b6i 
DO,6i 
FA,#5i 
LA,6i 
MI,b6i 
DO,6i 
FA,#5i 
LA,b6i 
MI,b6i 
DO,6i 
FA,#5i 
LA,6i 
MI,b6i 
DO,6i 
FA,#5i 
SI,6i 
RE,6i 
SI,b5i 
SOL,5i 
SI,b6i 
RE,6i 
SI,b5i 
SOL,5i 
LA,6i 
RE,6i 
SI,b5i 
SOL,5i 
SI,b6i 
RE,6i 
SI,b5i 
SOL,5i 
LA,6i 
SI,b5i 
SOL,5i 
MI,5i 
SOL,6i 
SI,b5i 
SOL,5i 
MI,5i 
FA,6i 
SI,b5i 
SOL,5i 
MI,5i 
MI,6i 
SI,b5i 
SOL,5i 
MI,5i 
V1 I[GUITAR] 
SI,b2i 
SI,b2i 
RE,3i 
LA,3i 
LA,3h 
SILENCIO,3i 
RE,3i 
LA,3i 
SOL,3i 
DO,4i 
LA,3i 
SOL,3i 
RE,3i 
LA,2i 
LA,2i 
DO,3i 
SOL,3i 
SOL,3h 
LA,2i 
LA,2i 
SOL,3i 
FA,3i 
DO,4i 
SOL,3i 
FA,3i 
DO,3i 
SOL,3i 
SOL,3i 
SI,b2i 
FA,3i 
FA,3h 
SOL,3i 
SOL,3i 
FA,3i 
MI,3i 
SOL,3i 
MI,3i 
DO,3i 
SI,b3i 
FA,2i 
FA,2i 
LA,2i 
MI,3i 
MI,3h 
FA,2i 
LA,2i 
MI,3i 
RE,3i 
SOL,3i 
FA,3i 
DO,4i 
SI,b3i 
SI,b2i 
SI,b2i 
RE,3i 
LA,3i 
LA,3h 
SI,b2i 
RE,3i 
LA,3i 
SOL,3i 
RE,4i 
SI,b3i 
SOL,3i 
RE,3i 
LA,2i 
LA,2i 
DO,3i 
DO,4i 
DO,4h 
RE,3i 
RE,3i 
DO,4i 
LA,3i 
MI,b4i 
RE,4i 
DO,4i 
LA,3i 
SOL,2i 
SI,b2i 
RE,3i 
SI,b3i 
SI,b3h 
SOL,2i 
SI,b2i 
SI,b3i 
LA,3i 
DO,4i 
SI,b3i 
SOL,3i 
RE,3i 
DO,3i 
DO,3i 
SOL,3i 
SI,b3i 
SI,b3h 
DO,3i 
DO,3i 
SI,b3i 
SOL,3i 
MI,4i 
SI,b3i 
SOL,4i 
MI,4i 
SI,b2i 
SI,b2i 
RE,3i 
LA,3i 
LA,3h 
3i 
RE,3i 
LA,3i 
SOL,3i 
DO,4i 
LA,3i 
SOL,3i 
RE,3i 
LA,2i 
LA,2i 
DO,3i 
SOL,3i 
SOL,3h 
LA,2i 
LA,2i 
SOL,3i 
FA,3i 
DO,4i 
SOL,3i 
FA,3i 
DO,3i 
SOL,3i 
SOL,3i 
SI,b2i 
FA,3i 
FA,3h 
SOL,3i 
SOL,3i 
FA,3i 
MI,3i 
SOL,3i 
MI,3i 
DO,3i 
SI,b3i 
FA,2i 
FA,2i 
LA,2i 
MI,3i 
MI,3h 
FA,2i 
LA,2i 
MI,3i 
RE,3i 
SOL,3i 
FA,3i 
DO,4i 
SI,b3i 
SI,b2i 
SI,b2i 
RE,3i 
LA,3i 
LA,3h 
SI,b2i 
RE,3i 
LA,3i 
SOL,3i 
RE,4i 
SI,b3i 
SOL,3i 
RE,3i 
LA,2i 
LA,2i 
DO,3i 
DO,4i 
DO,4h 
RE,3i 
RE,3i 
DO,4i 
LA,3i 
MI,b4i 
RE,4i 
DO,4i 
LA,3i 
SOL,2i 
SI,b2i 
RE,3i 
SI,b3i 
SI,b3h 
SOL,2i 
SI,b2i 
SI,b3i 
LA,3i 
DO,4i 
SI,b3i 
SOL,3i 
RE,3i 
DO,3i 
DO,3i 
SOL,3i 
SI,b3i 
SI,b3h 
DO,3i 
DO,3i 
SI,b3i 
SOL,3i 
MI,4i 
SI,b3i 
SOL,4i 
MI,4i 